<?xml version="1.0" encoding="UTF-8" ?>
<testsuites>
 <testsuite name="Cart page" timestamp="2016-05-18T12:00:38" hostname="localhost" time="15.573" errors="0" tests="2" skipped="0" disabled="0" failures="2">
  <testcase classname="Cart page" name="loads successfully when empty" time="0.565">
   <failure type="exception" message="Failed: whitescreen on cart page"><![CDATA[Error: Failed: whitescreen on cart page
    at stack (/www/RDS/harness/src/node_modules/jasmine-core/lib/jasmine-core/jasmine.js:1577:17)
    at buildExpectationResult (/www/RDS/harness/src/node_modules/jasmine-core/lib/jasmine-core/jasmine.js:1547:14)
    at Spec.Env.expectationResultFactory (/www/RDS/harness/src/node_modules/jasmine-core/lib/jasmine-core/jasmine.js:638:18)
    at Spec.addExpectationResult (/www/RDS/harness/src/node_modules/jasmine-core/lib/jasmine-core/jasmine.js:330:34)
    at Env.fail (/www/RDS/harness/src/node_modules/jasmine-core/lib/jasmine-core/jasmine.js:987:25)
    at jasmineInterface.fail (/www/RDS/harness/src/node_modules/jasmine-core/lib/jasmine-core/jasmine.js:3423:23)
    at Request._callback (/www/RDS/harness/src/tests/smoke/cart/check_cart.js:14:17)
    at Request.self.callback (/www/RDS/harness/src/node_modules/request/request.js:200:22)
    at emitTwo (events.js:100:13)
    at Request.emit (events.js:185:7)]]>
   </failure>
  </testcase>
  <testcase classname="Cart page" name="loads successfully with items" time="15.007">
   <failure type="exception" message="Error: Timeout - Async callback was not invoked within timeout specified by jasmine.DEFAULT_TIMEOUT_INTERVAL."><![CDATA[Error: Timeout - Async callback was not invoked within timeout specified by jasmine.DEFAULT_TIMEOUT_INTERVAL.
    at null._onTimeout (/www/RDS/harness/src/node_modules/jasmine-core/lib/jasmine-core/jasmine.js:1909:23)
    at Timer.listOnTimeout (timers.js:92:15)]]>
   </failure>
  </testcase>
 </testsuite>
 <testsuite name="Crawler" timestamp="2016-05-18T12:00:54" hostname="localhost" time="5.108" errors="0" tests="2" skipped="0" disabled="0" failures="1">
  <testcase classname="Crawler" name="enough links scraped from homepage" time="0.271" />
  <testcase classname="Crawler" name="yields no 404 from any links" time="4.837">
   <failure type="toBe" message="Expected 10 to be 0."><![CDATA[Error: Expected 10 to be 0.
    at stack (/www/RDS/harness/src/node_modules/jasmine-core/lib/jasmine-core/jasmine.js:1577:17)
    at buildExpectationResult (/www/RDS/harness/src/node_modules/jasmine-core/lib/jasmine-core/jasmine.js:1547:14)
    at Spec.Env.expectationResultFactory (/www/RDS/harness/src/node_modules/jasmine-core/lib/jasmine-core/jasmine.js:638:18)
    at Spec.addExpectationResult (/www/RDS/harness/src/node_modules/jasmine-core/lib/jasmine-core/jasmine.js:330:34)
    at Expectation.addExpectationResult (/www/RDS/harness/src/node_modules/jasmine-core/lib/jasmine-core/jasmine.js:588:21)
    at Expectation.toBe (/www/RDS/harness/src/node_modules/jasmine-core/lib/jasmine-core/jasmine.js:1501:12)
    at Object.q.drain (/www/RDS/harness/src/tests/smoke/crawler/check_http.js:49:37)
    at /www/RDS/harness/src/node_modules/async/dist/async.js:3832:23
    at /www/RDS/harness/src/node_modules/async/dist/async.js:842:20
    at Request._callback (/www/RDS/harness/src/tests/smoke/crawler/check_http.js:41:21)]]>
   </failure>
  </testcase>
 </testsuite>
 <testsuite name="Style guide" timestamp="2016-05-18T12:00:59" hostname="localhost" time="3.039" errors="0" tests="2" skipped="0" disabled="0" failures="0">
  <testcase classname="Style guide" name="link styles retrieved from style guide" time="1.461" />
  <testcase classname="Style guide" name="links from page follow style guide" time="1.577" />
 </testsuite>
 <testsuite name="User" timestamp="2016-05-18T12:01:02" hostname="localhost" time="15.009" errors="0" tests="1" skipped="0" disabled="0" failures="1">
  <testcase classname="User" name="is able to log into admin" time="15.009">
   <failure type="exception" message="Error: Timeout - Async callback was not invoked within timeout specified by jasmine.DEFAULT_TIMEOUT_INTERVAL."><![CDATA[Error: Timeout - Async callback was not invoked within timeout specified by jasmine.DEFAULT_TIMEOUT_INTERVAL.
    at null._onTimeout (/www/RDS/harness/src/node_modules/jasmine-core/lib/jasmine-core/jasmine.js:1909:23)
    at Timer.listOnTimeout (timers.js:92:15)]]>
   </failure>
  </testcase>
 </testsuite>
 <testsuite name="User" timestamp="2016-05-18T12:01:17" hostname="localhost" time="15.006" errors="0" tests="1" skipped="0" disabled="0" failures="1">
  <testcase classname="User" name="is able to log into store front end" time="15.005">
   <failure type="exception" message="Error: Timeout - Async callback was not invoked within timeout specified by jasmine.DEFAULT_TIMEOUT_INTERVAL."><![CDATA[Error: Timeout - Async callback was not invoked within timeout specified by jasmine.DEFAULT_TIMEOUT_INTERVAL.
    at null._onTimeout (/www/RDS/harness/src/node_modules/jasmine-core/lib/jasmine-core/jasmine.js:1909:23)
    at Timer.listOnTimeout (timers.js:92:15)]]>
   </failure>
  </testcase>
 </testsuite>
 <testsuite name="No 200 whitescreen" timestamp="2016-05-18T12:01:32" hostname="localhost" time="1.993" errors="0" tests="5" skipped="0" disabled="0" failures="0">
  <testcase classname="No 200 whitescreen" name="on homepage" time="0.113" />
  <testcase classname="No 200 whitescreen" name="on admin" time="0.211" />
  <testcase classname="No 200 whitescreen" name="on login page" time="0.643" />
  <testcase classname="No 200 whitescreen" name="on category page" time="0.902" />
  <testcase classname="No 200 whitescreen" name="on product page" time="0.124" />
 </testsuite>
 <testsuite name="No 500 whitescreen" timestamp="2016-05-18T12:01:34" hostname="localhost" time="1.842" errors="0" tests="5" skipped="0" disabled="0" failures="1">
  <testcase classname="No 500 whitescreen" name="on homepage" time="0.085" />
  <testcase classname="No 500 whitescreen" name="on admin" time="0.284" />
  <testcase classname="No 500 whitescreen" name="on login page" time="0.747" />
  <testcase classname="No 500 whitescreen" name="on category page" time="0.606">
   <failure type="exception" message="Failed: whitescreen on category page"><![CDATA[Error: Failed: whitescreen on category page
    at stack (/www/RDS/harness/src/node_modules/jasmine-core/lib/jasmine-core/jasmine.js:1577:17)
    at buildExpectationResult (/www/RDS/harness/src/node_modules/jasmine-core/lib/jasmine-core/jasmine.js:1547:14)
    at Spec.Env.expectationResultFactory (/www/RDS/harness/src/node_modules/jasmine-core/lib/jasmine-core/jasmine.js:638:18)
    at Spec.addExpectationResult (/www/RDS/harness/src/node_modules/jasmine-core/lib/jasmine-core/jasmine.js:330:34)
    at Env.fail (/www/RDS/harness/src/node_modules/jasmine-core/lib/jasmine-core/jasmine.js:987:25)
    at jasmineInterface.fail (/www/RDS/harness/src/node_modules/jasmine-core/lib/jasmine-core/jasmine.js:3423:23)
    at Request._callback (/www/RDS/harness/src/tests/smoke/whiteScreen/check_500.js:56:17)
    at Request.self.callback (/www/RDS/harness/src/node_modules/request/request.js:200:22)
    at emitTwo (events.js:100:13)
    at Request.emit (events.js:185:7)]]>
   </failure>
  </testcase>
  <testcase classname="No 500 whitescreen" name="on product page" time="0.12" />
 </testsuite>
</testsuites>